<?xml version="1.0" encoding="UTF-8"?>
<!-- Generated by org.testng.reporters.JUnitXMLReporter -->
<testsuite hostname="Tutu-PC" name="Selling Books" tests="1" failures="0" timestamp="15 May 2016 12:34:15 GMT" time="0.002" errors="0">
  <testcase name="@BeforeTest shouldWeSkip" time="0.0" classname="tests.SellItemsTest">
    <skipped/>
  </testcase> <!-- @BeforeTest shouldWeSkip -->
  <testcase name="testSellingBooks" time="0.0" classname="tests.SellItemsTest">
    <skipped/>
  </testcase> <!-- testSellingBooks -->
</testsuite> <!-- Selling Books -->
